<?xml version="1.0" encoding="UTF-8"?>
<testng-results ignored="0" total="1" passed="1" failed="0" skipped="0">
  <reporter-output>
  </reporter-output>
  <suite started-at="2022-02-01T13:00:00 IST" name="Default suite" finished-at="2022-02-01T13:00:00 IST" duration-ms="39">
    <groups>
    </groups>
    <test started-at="2022-02-01T13:00:00 IST" name="Default test" finished-at="2022-02-01T13:00:00 IST" duration-ms="39">
      <class name="testPackage1.Test1">
        <test-method signature="testMethod1()[pri:0, instance:testPackage1.Test1@2f112965]" started-at="2022-02-01T13:00:00 IST" name="testMethod1" finished-at="2022-02-01T13:00:00 IST" duration-ms="8" status="PASS">
          <reporter-output>
          </reporter-output>
        </test-method> <!-- testMethod1 -->
      </class> <!-- testPackage1.Test1 -->
    </test> <!-- Default test -->
  </suite> <!-- Default suite -->
</testng-results>
